.expo/app/build/intermediates/manifest_merge_blame_file/debug/manifest-merger-blame-debug-report.txt
1<?xml version="1.0" encoding="utf-8"?>
2<manifest xmlns:android="http://schemas.android.com/apk/res/android"
3    package="com.antitheft.pro"
4    android:versionCode="1"
5    android:versionName="1.0" >
6
7    <uses-sdk
8        android:minSdkVersion="24"
9        android:targetSdkVersion="34" />
10
11    <!-- Permissions -->
12    <uses-permission android:name="android.permission.INTERNET" />
12-->src\main\AndroidManifest.xml:6:5-67
12-->src\main\AndroidManifest.xml:6:22-64
13    <uses-permission android:name="android.permission.ACCESS_NETWORK_STATE" />
13-->src\main\AndroidManifest.xml:7:5-79
13-->src\main\AndroidManifest.xml:7:22-76
14    <uses-permission android:name="android.permission.ACCESS_WIFI_STATE" />
14-->src\main\AndroidManifest.xml:8:5-76
14-->src\main\AndroidManifest.xml:8:22-73
15    <uses-permission android:name="android.permission.CHANGE_WIFI_STATE" />
15-->src\main\AndroidManifest.xml:9:5-76
15-->src\main\AndroidManifest.xml:9:22-73
16    <uses-permission android:name="android.permission.ACCESS_FINE_LOCATION" />
16-->src\main\AndroidManifest.xml:10:5-79
16-->src\main\AndroidManifest.xml:10:22-76
17    <uses-permission android:name="android.permission.ACCESS_COARSE_LOCATION" />
17-->src\main\AndroidManifest.xml:11:5-81
17-->src\main\AndroidManifest.xml:11:22-78
18    <uses-permission android:name="android.permission.ACCESS_BACKGROUND_LOCATION" />
18-->src\main\AndroidManifest.xml:12:5-85
18-->src\main\AndroidManifest.xml:12:22-82
19    <uses-permission android:name="android.permission.CAMERA" />
19-->src\main\AndroidManifest.xml:13:5-65
19-->src\main\AndroidManifest.xml:13:22-62
20    <uses-permission
20-->src\main\AndroidManifest.xml:14:5-16:40
21        android:name="android.permission.WRITE_EXTERNAL_STORAGE"
21-->src\main\AndroidManifest.xml:14:22-78
22        android:maxSdkVersion="32" />
22-->src\main\AndroidManifest.xml:15:9-35
23    <uses-permission
23-->src\main\AndroidManifest.xml:17:5-18:38
24        android:name="android.permission.READ_EXTERNAL_STORAGE"
24-->src\main\AndroidManifest.xml:17:22-77
25        android:maxSdkVersion="32" />
25-->src\main\AndroidManifest.xml:18:9-35
26    <uses-permission android:name="android.permission.FOREGROUND_SERVICE" />
26-->src\main\AndroidManifest.xml:19:5-77
26-->src\main\AndroidManifest.xml:19:22-74
27    <uses-permission android:name="android.permission.FOREGROUND_SERVICE_LOCATION" />
27-->src\main\AndroidManifest.xml:20:5-86
27-->src\main\AndroidManifest.xml:20:22-83
28    <uses-permission android:name="android.permission.FOREGROUND_SERVICE_CAMERA" />
28-->src\main\AndroidManifest.xml:21:5-84
28-->src\main\AndroidManifest.xml:21:22-81
29    <uses-permission android:name="android.permission.REQUEST_IGNORE_BATTERY_OPTIMIZATIONS" />
29-->src\main\AndroidManifest.xml:22:5-95
29-->src\main\AndroidManifest.xml:22:22-92
30    <uses-permission android:name="android.permission.RECEIVE_BOOT_COMPLETED" />
30-->src\main\AndroidManifest.xml:23:5-81
30-->src\main\AndroidManifest.xml:23:22-78
31    <uses-permission android:name="android.permission.WAKE_LOCK" />
31-->src\main\AndroidManifest.xml:24:5-68
31-->src\main\AndroidManifest.xml:24:22-65
32    <uses-permission android:name="android.permission.SYSTEM_ALERT_WINDOW" />
32-->src\main\AndroidManifest.xml:25:5-78
32-->src\main\AndroidManifest.xml:25:22-75
33    <uses-permission android:name="android.permission.USE_BIOMETRIC" />
33-->src\main\AndroidManifest.xml:26:5-72
33-->src\main\AndroidManifest.xml:26:22-69
34
35    <uses-feature
35-->src\main\AndroidManifest.xml:28:5-85
36        android:name="android.hardware.camera"
36-->src\main\AndroidManifest.xml:28:19-57
37        android:required="false" />
37-->src\main\AndroidManifest.xml:28:58-82
38    <uses-feature
38-->src\main\AndroidManifest.xml:29:5-91
39        android:name="android.hardware.camera.front"
39-->src\main\AndroidManifest.xml:29:19-63
40        android:required="false" />
40-->src\main\AndroidManifest.xml:29:64-88
41    <uses-feature
41-->src\main\AndroidManifest.xml:30:5-91
42        android:name="android.hardware.location.gps"
42-->src\main\AndroidManifest.xml:30:19-63
43        android:required="false" />
43-->src\main\AndroidManifest.xml:30:64-88
44    <uses-feature
44-->src\main\AndroidManifest.xml:31:5-90
45        android:name="android.hardware.fingerprint"
45-->src\main\AndroidManifest.xml:31:19-62
46        android:required="false" />
46-->src\main\AndroidManifest.xml:31:63-87
47
48    <!-- suppress DeprecatedClassUsageInspection -->
49    <uses-permission android:name="android.permission.USE_FINGERPRINT" />
49-->[androidx.biometric:biometric:1.1.0] AndroidManifest.xml:27:5-74
49-->[androidx.biometric:biometric:1.1.0] AndroidManifest.xml:27:22-71
50
51    <uses-feature
51-->[com.google.android.gms:play-services-maps:18.2.0] AndroidManifest.xml:26:5-28:35
52        android:glEsVersion="0x00020000"
52-->[com.google.android.gms:play-services-maps:18.2.0] AndroidManifest.xml:27:9-41
53        android:required="true" />
53-->[com.google.android.gms:play-services-maps:18.2.0] AndroidManifest.xml:28:9-32
54
55    <queries>
55-->[com.google.android.gms:play-services-maps:18.2.0] AndroidManifest.xml:30:5-34:15
56
57        <!-- Needs to be explicitly declared on Android R+ -->
58        <package android:name="com.google.android.apps.maps" />
58-->[com.google.android.gms:play-services-maps:18.2.0] AndroidManifest.xml:33:9-64
58-->[com.google.android.gms:play-services-maps:18.2.0] AndroidManifest.xml:33:18-61
59    </queries>
60
61    <permission
61-->[androidx.core:core:1.12.0] AndroidManifest.xml:22:5-24:47
62        android:name="com.antitheft.pro.DYNAMIC_RECEIVER_NOT_EXPORTED_PERMISSION"
62-->[androidx.core:core:1.12.0] AndroidManifest.xml:23:9-81
63        android:protectionLevel="signature" />
63-->[androidx.core:core:1.12.0] AndroidManifest.xml:24:9-44
64
65    <uses-permission android:name="com.antitheft.pro.DYNAMIC_RECEIVER_NOT_EXPORTED_PERMISSION" />
65-->[androidx.core:core:1.12.0] AndroidManifest.xml:26:5-97
65-->[androidx.core:core:1.12.0] AndroidManifest.xml:26:22-94
66
67    <application
67-->src\main\AndroidManifest.xml:33:5-150:19
68        android:allowBackup="true"
68-->src\main\AndroidManifest.xml:34:9-35
69        android:appComponentFactory="androidx.core.app.CoreComponentFactory"
69-->[androidx.core:core:1.12.0] AndroidManifest.xml:28:18-86
70        android:debuggable="true"
71        android:extractNativeLibs="false"
72        android:icon="@mipmap/ic_launcher"
72-->src\main\AndroidManifest.xml:35:9-43
73        android:label="@string/app_name"
73-->src\main\AndroidManifest.xml:36:9-41
74        android:roundIcon="@mipmap/ic_launcher_round"
74-->src\main\AndroidManifest.xml:37:9-54
75        android:supportsRtl="true"
75-->src\main\AndroidManifest.xml:38:9-35
76        android:testOnly="true"
77        android:theme="@style/Theme.AntiTheftPro"
77-->src\main\AndroidManifest.xml:39:9-50
78        android:usesCleartextTraffic="true" >
78-->src\main\AndroidManifest.xml:40:9-44
79
80        <!-- Main Activity -->
81        <activity
81-->src\main\AndroidManifest.xml:44:9-52:20
82            android:name="com.antitheft.pro.activities.MainActivity"
82-->src\main\AndroidManifest.xml:45:13-52
83            android:exported="true"
83-->src\main\AndroidManifest.xml:46:13-36
84            android:screenOrientation="portrait" >
84-->src\main\AndroidManifest.xml:47:13-49
85            <intent-filter>
85-->src\main\AndroidManifest.xml:48:13-51:29
86                <action android:name="android.intent.action.MAIN" />
86-->src\main\AndroidManifest.xml:49:17-69
86-->src\main\AndroidManifest.xml:49:25-66
87
88                <category android:name="android.intent.category.LAUNCHER" />
88-->src\main\AndroidManifest.xml:50:17-77
88-->src\main\AndroidManifest.xml:50:27-74
89            </intent-filter>
90        </activity>
91
92        <!-- Authentication Activities -->
93        <activity
93-->src\main\AndroidManifest.xml:55:9-58:52
94            android:name="com.antitheft.pro.activities.LoginActivity"
94-->src\main\AndroidManifest.xml:56:13-53
95            android:exported="false"
95-->src\main\AndroidManifest.xml:57:13-37
96            android:screenOrientation="portrait" />
96-->src\main\AndroidManifest.xml:58:13-49
97        <activity
97-->src\main\AndroidManifest.xml:60:9-63:52
98            android:name="com.antitheft.pro.activities.RegisterActivity"
98-->src\main\AndroidManifest.xml:61:13-56
99            android:exported="false"
99-->src\main\AndroidManifest.xml:62:13-37
100            android:screenOrientation="portrait" />
100-->src\main\AndroidManifest.xml:63:13-49
101        <activity
101-->src\main\AndroidManifest.xml:65:9-68:52
102            android:name="com.antitheft.pro.activities.EmailVerificationActivity"
102-->src\main\AndroidManifest.xml:66:13-65
103            android:exported="false"
103-->src\main\AndroidManifest.xml:67:13-37
104            android:screenOrientation="portrait" />
104-->src\main\AndroidManifest.xml:68:13-49
105
106        <!-- Set PIN Activity -->
107        <activity
107-->src\main\AndroidManifest.xml:71:9-74:52
108            android:name="com.antitheft.pro.activities.SetPinActivity"
108-->src\main\AndroidManifest.xml:72:13-54
109            android:exported="false"
109-->src\main\AndroidManifest.xml:73:13-37
110            android:screenOrientation="portrait" />
110-->src\main\AndroidManifest.xml:74:13-49
111
112        <!-- PIN Lock Activity -->
113        <activity
113-->src\main\AndroidManifest.xml:77:9-82:49
114            android:name="com.antitheft.pro.activities.PinLockActivity"
114-->src\main\AndroidManifest.xml:78:13-55
115            android:excludeFromRecents="true"
115-->src\main\AndroidManifest.xml:82:13-46
116            android:exported="false"
116-->src\main\AndroidManifest.xml:79:13-37
117            android:launchMode="singleTask"
117-->src\main\AndroidManifest.xml:80:13-44
118            android:screenOrientation="portrait" />
118-->src\main\AndroidManifest.xml:81:13-49
119
120        <!-- Settings Activity -->
121        <activity
121-->src\main\AndroidManifest.xml:85:9-88:52
122            android:name="com.antitheft.pro.activities.SettingsActivity"
122-->src\main\AndroidManifest.xml:86:13-56
123            android:exported="false"
123-->src\main\AndroidManifest.xml:87:13-37
124            android:screenOrientation="portrait" />
124-->src\main\AndroidManifest.xml:88:13-49
125
126        <!-- Tracking Activity -->
127        <activity
127-->src\main\AndroidManifest.xml:91:9-94:52
128            android:name="com.antitheft.pro.activities.TrackingActivity"
128-->src\main\AndroidManifest.xml:92:13-56
129            android:exported="false"
129-->src\main\AndroidManifest.xml:93:13-37
130            android:screenOrientation="portrait" />
130-->src\main\AndroidManifest.xml:94:13-49
131
132        <!-- Intruders Activity -->
133        <activity
133-->src\main\AndroidManifest.xml:97:9-100:52
134            android:name="com.antitheft.pro.activities.IntrudersActivity"
134-->src\main\AndroidManifest.xml:98:13-57
135            android:exported="false"
135-->src\main\AndroidManifest.xml:99:13-37
136            android:screenOrientation="portrait" />
136-->src\main\AndroidManifest.xml:100:13-49
137
138        <!-- Services -->
139        <service
139-->src\main\AndroidManifest.xml:103:9-107:56
140            android:name="com.antitheft.pro.services.LocationTrackingService"
140-->src\main\AndroidManifest.xml:104:13-61
141            android:enabled="true"
141-->src\main\AndroidManifest.xml:105:13-35
142            android:exported="false"
142-->src\main\AndroidManifest.xml:106:13-37
143            android:foregroundServiceType="location" />
143-->src\main\AndroidManifest.xml:107:13-53
144        <service
144-->src\main\AndroidManifest.xml:109:9-113:54
145            android:name="com.antitheft.pro.services.CameraService"
145-->src\main\AndroidManifest.xml:110:13-51
146            android:enabled="true"
146-->src\main\AndroidManifest.xml:111:13-35
147            android:exported="false"
147-->src\main\AndroidManifest.xml:112:13-37
148            android:foregroundServiceType="camera" />
148-->src\main\AndroidManifest.xml:113:13-51
149        <service
149-->src\main\AndroidManifest.xml:115:9-118:40
150            android:name="com.antitheft.pro.services.WifiScannerService"
150-->src\main\AndroidManifest.xml:116:13-56
151            android:enabled="true"
151-->src\main\AndroidManifest.xml:117:13-35
152            android:exported="false" />
152-->src\main\AndroidManifest.xml:118:13-37
153
154        <!-- Receivers -->
155        <receiver
155-->src\main\AndroidManifest.xml:121:9-129:20
156            android:name="com.antitheft.pro.receivers.BootReceiver"
156-->src\main\AndroidManifest.xml:122:13-51
157            android:enabled="true"
157-->src\main\AndroidManifest.xml:123:13-35
158            android:exported="true" >
158-->src\main\AndroidManifest.xml:124:13-36
159            <intent-filter>
159-->src\main\AndroidManifest.xml:125:13-128:29
160                <action android:name="android.intent.action.BOOT_COMPLETED" />
160-->src\main\AndroidManifest.xml:126:17-79
160-->src\main\AndroidManifest.xml:126:25-76
161                <action android:name="android.intent.action.QUICKBOOT_POWERON" />
161-->src\main\AndroidManifest.xml:127:17-82
161-->src\main\AndroidManifest.xml:127:25-79
162            </intent-filter>
163        </receiver>
164        <receiver
164-->src\main\AndroidManifest.xml:131:9-139:20
165            android:name="com.antitheft.pro.receivers.PowerButtonReceiver"
165-->src\main\AndroidManifest.xml:132:13-58
166            android:enabled="true"
166-->src\main\AndroidManifest.xml:133:13-35
167            android:exported="false" >
167-->src\main\AndroidManifest.xml:134:13-37
168            <intent-filter>
168-->src\main\AndroidManifest.xml:135:13-138:29
169                <action android:name="android.intent.action.SCREEN_OFF" />
169-->src\main\AndroidManifest.xml:136:17-75
169-->src\main\AndroidManifest.xml:136:25-72
170                <action android:name="android.intent.action.SCREEN_ON" />
170-->src\main\AndroidManifest.xml:137:17-74
170-->src\main\AndroidManifest.xml:137:25-71
171            </intent-filter>
172        </receiver>
173        <receiver
173-->src\main\AndroidManifest.xml:141:9-148:20
174            android:name="com.antitheft.pro.receivers.SimChangeReceiver"
174-->src\main\AndroidManifest.xml:142:13-56
175            android:enabled="true"
175-->src\main\AndroidManifest.xml:143:13-35
176            android:exported="false" >
176-->src\main\AndroidManifest.xml:144:13-37
177            <intent-filter>
177-->src\main\AndroidManifest.xml:145:13-147:29
178                <action android:name="android.intent.action.SIM_STATE_CHANGED" />
178-->src\main\AndroidManifest.xml:146:17-82
178-->src\main\AndroidManifest.xml:146:25-79
179            </intent-filter>
180        </receiver>
181
182        <!--
183        Service for holding metadata. Cannot be instantiated.
184        Metadata will be merged from other manifests.
185        -->
186        <service
186-->[androidx.camera:camera-core:1.3.1] AndroidManifest.xml:29:9-33:78
187            android:name="androidx.camera.core.impl.MetadataHolderService"
187-->[androidx.camera:camera-core:1.3.1] AndroidManifest.xml:30:13-75
188            android:enabled="false"
188-->[androidx.camera:camera-core:1.3.1] AndroidManifest.xml:31:13-36
189            android:exported="false" >
189-->[androidx.camera:camera-core:1.3.1] AndroidManifest.xml:32:13-37
190            <meta-data
190-->[androidx.camera:camera-camera2:1.3.1] AndroidManifest.xml:30:13-32:89
191                android:name="androidx.camera.core.impl.MetadataHolderService.DEFAULT_CONFIG_PROVIDER"
191-->[androidx.camera:camera-camera2:1.3.1] AndroidManifest.xml:31:17-103
192                android:value="androidx.camera.camera2.Camera2Config$DefaultProvider" />
192-->[androidx.camera:camera-camera2:1.3.1] AndroidManifest.xml:32:17-86
193        </service>
194
195        <activity
195-->[com.google.android.gms:play-services-auth:20.7.0] AndroidManifest.xml:23:9-27:75
196            android:name="com.google.android.gms.auth.api.signin.internal.SignInHubActivity"
196-->[com.google.android.gms:play-services-auth:20.7.0] AndroidManifest.xml:24:13-93
197            android:excludeFromRecents="true"
197-->[com.google.android.gms:play-services-auth:20.7.0] AndroidManifest.xml:25:13-46
198            android:exported="false"
198-->[com.google.android.gms:play-services-auth:20.7.0] AndroidManifest.xml:26:13-37
199            android:theme="@android:style/Theme.Translucent.NoTitleBar" />
199-->[com.google.android.gms:play-services-auth:20.7.0] AndroidManifest.xml:27:13-72
200        <!--
201            Service handling Google Sign-In user revocation. For apps that do not integrate with
202            Google Sign-In, this service will never be started.
203        -->
204        <service
204-->[com.google.android.gms:play-services-auth:20.7.0] AndroidManifest.xml:33:9-37:51
205            android:name="com.google.android.gms.auth.api.signin.RevocationBoundService"
205-->[com.google.android.gms:play-services-auth:20.7.0] AndroidManifest.xml:34:13-89
206            android:exported="true"
206-->[com.google.android.gms:play-services-auth:20.7.0] AndroidManifest.xml:35:13-36
207            android:permission="com.google.android.gms.auth.api.signin.permission.REVOCATION_NOTIFICATION"
207-->[com.google.android.gms:play-services-auth:20.7.0] AndroidManifest.xml:36:13-107
208            android:visibleToInstantApps="true" /> <!-- Needs to be explicitly declared on P+ -->
208-->[com.google.android.gms:play-services-auth:20.7.0] AndroidManifest.xml:37:13-48
209        <uses-library
209-->[com.google.android.gms:play-services-maps:18.2.0] AndroidManifest.xml:39:9-41:40
210            android:name="org.apache.http.legacy"
210-->[com.google.android.gms:play-services-maps:18.2.0] AndroidManifest.xml:40:13-50
211            android:required="false" />
211-->[com.google.android.gms:play-services-maps:18.2.0] AndroidManifest.xml:41:13-37
212
213        <service
213-->[com.google.firebase:firebase-auth-ktx:22.3.0] AndroidManifest.xml:8:9-14:19
214            android:name="com.google.firebase.components.ComponentDiscoveryService"
214-->[com.google.firebase:firebase-auth-ktx:22.3.0] AndroidManifest.xml:9:13-84
215            android:directBootAware="true"
215-->[com.google.firebase:firebase-common:20.4.2] AndroidManifest.xml:32:13-43
216            android:exported="false" >
216-->[com.google.firebase:firebase-auth-ktx:22.3.0] AndroidManifest.xml:10:13-37
217            <meta-data
217-->[com.google.firebase:firebase-auth-ktx:22.3.0] AndroidManifest.xml:11:13-13:85
218                android:name="com.google.firebase.components:com.google.firebase.auth.ktx.FirebaseAuthLegacyRegistrar"
218-->[com.google.firebase:firebase-auth-ktx:22.3.0] AndroidManifest.xml:12:17-119
219                android:value="com.google.firebase.components.ComponentRegistrar" />
219-->[com.google.firebase:firebase-auth-ktx:22.3.0] AndroidManifest.xml:13:17-82
220            <meta-data
220-->[com.google.firebase:firebase-auth:22.3.0] AndroidManifest.xml:69:13-71:85
221                android:name="com.google.firebase.components:com.google.firebase.auth.FirebaseAuthRegistrar"
221-->[com.google.firebase:firebase-auth:22.3.0] AndroidManifest.xml:70:17-109
222                android:value="com.google.firebase.components.ComponentRegistrar" />
222-->[com.google.firebase:firebase-auth:22.3.0] AndroidManifest.xml:71:17-82
223            <meta-data
223-->[com.google.firebase:firebase-storage-ktx:20.3.0] AndroidManifest.xml:12:13-14:85
224                android:name="com.google.firebase.components:com.google.firebase.storage.ktx.FirebaseStorageLegacyRegistrar"
224-->[com.google.firebase:firebase-storage-ktx:20.3.0] AndroidManifest.xml:13:17-125
225                android:value="com.google.firebase.components.ComponentRegistrar" />
225-->[com.google.firebase:firebase-storage-ktx:20.3.0] AndroidManifest.xml:14:17-82
226            <meta-data
226-->[com.google.firebase:firebase-storage:20.3.0] AndroidManifest.xml:30:13-32:85
227                android:name="com.google.firebase.components:com.google.firebase.storage.FirebaseStorageKtxRegistrar"
227-->[com.google.firebase:firebase-storage:20.3.0] AndroidManifest.xml:31:17-118
228                android:value="com.google.firebase.components.ComponentRegistrar" />
228-->[com.google.firebase:firebase-storage:20.3.0] AndroidManifest.xml:32:17-82
229            <meta-data
229-->[com.google.firebase:firebase-storage:20.3.0] AndroidManifest.xml:33:13-35:85
230                android:name="com.google.firebase.components:com.google.firebase.storage.StorageRegistrar"
230-->[com.google.firebase:firebase-storage:20.3.0] AndroidManifest.xml:34:17-107
231                android:value="com.google.firebase.components.ComponentRegistrar" />
231-->[com.google.firebase:firebase-storage:20.3.0] AndroidManifest.xml:35:17-82
232            <meta-data
232-->[com.google.firebase:firebase-firestore-ktx:24.10.0] AndroidManifest.xml:12:13-14:85
233                android:name="com.google.firebase.components:com.google.firebase.firestore.ktx.FirebaseFirestoreLegacyRegistrar"
233-->[com.google.firebase:firebase-firestore-ktx:24.10.0] AndroidManifest.xml:13:17-129
234                android:value="com.google.firebase.components.ComponentRegistrar" />
234-->[com.google.firebase:firebase-firestore-ktx:24.10.0] AndroidManifest.xml:14:17-82
235            <meta-data
235-->[com.google.firebase:firebase-firestore:24.10.0] AndroidManifest.xml:17:13-19:85
236                android:name="com.google.firebase.components:com.google.firebase.firestore.FirebaseFirestoreKtxRegistrar"
236-->[com.google.firebase:firebase-firestore:24.10.0] AndroidManifest.xml:18:17-122
237                android:value="com.google.firebase.components.ComponentRegistrar" />
237-->[com.google.firebase:firebase-firestore:24.10.0] AndroidManifest.xml:19:17-82
238            <meta-data
238-->[com.google.firebase:firebase-firestore:24.10.0] AndroidManifest.xml:20:13-22:85
239                android:name="com.google.firebase.components:com.google.firebase.firestore.FirestoreRegistrar"
239-->[com.google.firebase:firebase-firestore:24.10.0] AndroidManifest.xml:21:17-111
240                android:value="com.google.firebase.components.ComponentRegistrar" />
240-->[com.google.firebase:firebase-firestore:24.10.0] AndroidManifest.xml:22:17-82
241            <meta-data
241-->[com.google.firebase:firebase-appcheck:17.1.1] AndroidManifest.xml:25:13-27:85
242                android:name="com.google.firebase.components:com.google.firebase.appcheck.FirebaseAppCheckKtxRegistrar"
242-->[com.google.firebase:firebase-appcheck:17.1.1] AndroidManifest.xml:26:17-120
243                android:value="com.google.firebase.components.ComponentRegistrar" />
243-->[com.google.firebase:firebase-appcheck:17.1.1] AndroidManifest.xml:27:17-82
244            <meta-data
244-->[com.google.firebase:firebase-appcheck:17.1.1] AndroidManifest.xml:28:13-30:85
245                android:name="com.google.firebase.components:com.google.firebase.appcheck.FirebaseAppCheckRegistrar"
245-->[com.google.firebase:firebase-appcheck:17.1.1] AndroidManifest.xml:29:17-117
246                android:value="com.google.firebase.components.ComponentRegistrar" />
246-->[com.google.firebase:firebase-appcheck:17.1.1] AndroidManifest.xml:30:17-82
247            <meta-data
247-->[com.google.firebase:firebase-common-ktx:20.4.2] AndroidManifest.xml:12:13-14:85
248                android:name="com.google.firebase.components:com.google.firebase.ktx.FirebaseCommonLegacyRegistrar"
248-->[com.google.firebase:firebase-common-ktx:20.4.2] AndroidManifest.xml:13:17-116
249                android:value="com.google.firebase.components.ComponentRegistrar" />
249-->[com.google.firebase:firebase-common-ktx:20.4.2] AndroidManifest.xml:14:17-82
250            <meta-data
250-->[com.google.firebase:firebase-common:20.4.2] AndroidManifest.xml:35:13-37:85
251                android:name="com.google.firebase.components:com.google.firebase.FirebaseCommonKtxRegistrar"
251-->[com.google.firebase:firebase-common:20.4.2] AndroidManifest.xml:36:17-109
252                android:value="com.google.firebase.components.ComponentRegistrar" />
252-->[com.google.firebase:firebase-common:20.4.2] AndroidManifest.xml:37:17-82
253        </service>
254
255        <activity
255-->[com.google.firebase:firebase-auth:22.3.0] AndroidManifest.xml:29:9-46:20
256            android:name="com.google.firebase.auth.internal.GenericIdpActivity"
256-->[com.google.firebase:firebase-auth:22.3.0] AndroidManifest.xml:30:13-80
257            android:excludeFromRecents="true"
257-->[com.google.firebase:firebase-auth:22.3.0] AndroidManifest.xml:31:13-46
258            android:exported="true"
258-->[com.google.firebase:firebase-auth:22.3.0] AndroidManifest.xml:32:13-36
259            android:launchMode="singleTask"
259-->[com.google.firebase:firebase-auth:22.3.0] AndroidManifest.xml:33:13-44
260            android:theme="@android:style/Theme.Translucent.NoTitleBar" >
260-->[com.google.firebase:firebase-auth:22.3.0] AndroidManifest.xml:34:13-72
261            <intent-filter>
261-->[com.google.firebase:firebase-auth:22.3.0] AndroidManifest.xml:35:13-45:29
262                <action android:name="android.intent.action.VIEW" />
262-->[com.google.firebase:firebase-auth:22.3.0] AndroidManifest.xml:36:17-69
262-->[com.google.firebase:firebase-auth:22.3.0] AndroidManifest.xml:36:25-66
263
264                <category android:name="android.intent.category.DEFAULT" />
264-->[com.google.firebase:firebase-auth:22.3.0] AndroidManifest.xml:38:17-76
264-->[com.google.firebase:firebase-auth:22.3.0] AndroidManifest.xml:38:27-73
265                <category android:name="android.intent.category.BROWSABLE" />
265-->[com.google.firebase:firebase-auth:22.3.0] AndroidManifest.xml:39:17-78
265-->[com.google.firebase:firebase-auth:22.3.0] AndroidManifest.xml:39:27-75
266
267                <data
267-->[com.google.firebase:firebase-auth:22.3.0] AndroidManifest.xml:41:17-44:51
268                    android:host="firebase.auth"
268-->[com.google.firebase:firebase-auth:22.3.0] AndroidManifest.xml:42:21-49
269                    android:path="/"
269-->[com.google.firebase:firebase-auth:22.3.0] AndroidManifest.xml:43:21-37
270                    android:scheme="genericidp" />
270-->[com.google.firebase:firebase-auth:22.3.0] AndroidManifest.xml:44:21-48
271            </intent-filter>
272        </activity>
273        <activity
273-->[com.google.firebase:firebase-auth:22.3.0] AndroidManifest.xml:47:9-64:20
274            android:name="com.google.firebase.auth.internal.RecaptchaActivity"
274-->[com.google.firebase:firebase-auth:22.3.0] AndroidManifest.xml:48:13-79
275            android:excludeFromRecents="true"
275-->[com.google.firebase:firebase-auth:22.3.0] AndroidManifest.xml:49:13-46
276            android:exported="true"
276-->[com.google.firebase:firebase-auth:22.3.0] AndroidManifest.xml:50:13-36
277            android:launchMode="singleTask"
277-->[com.google.firebase:firebase-auth:22.3.0] AndroidManifest.xml:51:13-44
278            android:theme="@android:style/Theme.Translucent.NoTitleBar" >
278-->[com.google.firebase:firebase-auth:22.3.0] AndroidManifest.xml:52:13-72
279            <intent-filter>
279-->[com.google.firebase:firebase-auth:22.3.0] AndroidManifest.xml:53:13-63:29
280                <action android:name="android.intent.action.VIEW" />
280-->[com.google.firebase:firebase-auth:22.3.0] AndroidManifest.xml:36:17-69
280-->[com.google.firebase:firebase-auth:22.3.0] AndroidManifest.xml:36:25-66
281
282                <category android:name="android.intent.category.DEFAULT" />
282-->[com.google.firebase:firebase-auth:22.3.0] AndroidManifest.xml:38:17-76
282-->[com.google.firebase:firebase-auth:22.3.0] AndroidManifest.xml:38:27-73
283                <category android:name="android.intent.category.BROWSABLE" />
283-->[com.google.firebase:firebase-auth:22.3.0] AndroidManifest.xml:39:17-78
283-->[com.google.firebase:firebase-auth:22.3.0] AndroidManifest.xml:39:27-75
284
285                <data
285-->[com.google.firebase:firebase-auth:22.3.0] AndroidManifest.xml:41:17-44:51
286                    android:host="firebase.auth"
286-->[com.google.firebase:firebase-auth:22.3.0] AndroidManifest.xml:42:21-49
287                    android:path="/"
287-->[com.google.firebase:firebase-auth:22.3.0] AndroidManifest.xml:43:21-37
288                    android:scheme="recaptcha" />
288-->[com.google.firebase:firebase-auth:22.3.0] AndroidManifest.xml:44:21-48
289            </intent-filter>
290        </activity>
291        <activity
291-->[com.google.android.gms:play-services-base:18.1.0] AndroidManifest.xml:20:9-22:45
292            android:name="com.google.android.gms.common.api.GoogleApiActivity"
292-->[com.google.android.gms:play-services-base:18.1.0] AndroidManifest.xml:20:19-85
293            android:exported="false"
293-->[com.google.android.gms:play-services-base:18.1.0] AndroidManifest.xml:22:19-43
294            android:theme="@android:style/Theme.Translucent.NoTitleBar" />
294-->[com.google.android.gms:play-services-base:18.1.0] AndroidManifest.xml:21:19-78
295
296        <provider
296-->[androidx.emoji2:emoji2:1.2.0] AndroidManifest.xml:24:9-32:20
297            android:name="androidx.startup.InitializationProvider"
297-->[androidx.emoji2:emoji2:1.2.0] AndroidManifest.xml:25:13-67
298            android:authorities="com.antitheft.pro.androidx-startup"
298-->[androidx.emoji2:emoji2:1.2.0] AndroidManifest.xml:26:13-68
299            android:exported="false" >
299-->[androidx.emoji2:emoji2:1.2.0] AndroidManifest.xml:27:13-37
300            <meta-data
300-->[androidx.emoji2:emoji2:1.2.0] AndroidManifest.xml:29:13-31:52
301                android:name="androidx.emoji2.text.EmojiCompatInitializer"